<?xml version="1.0" encoding="UTF-8"?>
<testsuite name="parcertest.TestParcer" tests="2" skipped="0" failures="0" errors="0" timestamp="2017-11-30T23:31:06" hostname="DESKTOP-3FQVONN" time="0.078">
  <properties/>
  <testcase name="readingTest" classname="parcertest.TestParcer" time="0.016"/>
  <testcase name="parcingTest" classname="parcertest.TestParcer" time="0.061"/>
  <system-out><![CDATA[]]></system-out>
  <system-err><![CDATA[]]></system-err>
</testsuite>
